[Sat Nov 19 10:11:44 2016] [debug] POST "/upload"
[Sat Nov 19 10:11:44 2016] [debug] Routing to a callback
[Sat Nov 19 10:11:44 2016] [error] Cannot bind unknown placeholder 2 (2) at /Users/alejandroimass/perl5/perlbrew/perls/perl-5.20.3/lib/site_perl/5.20.3/Mojo/Pg/Database.pm line 89, <$fh> line 2.

[Sat Nov 19 10:11:44 2016] [debug] Template "exception.development.html.ep" not found
[Sat Nov 19 10:11:44 2016] [debug] Template "exception.html.ep" not found
[Sat Nov 19 10:11:44 2016] [debug] Rendering template "mojo/debug.html.ep"
[Sat Nov 19 10:11:44 2016] [debug] Rendering template "mojo/menubar.html.ep"
[Sat Nov 19 10:11:44 2016] [debug] 500 Internal Server Error (0.055499s, 18.018/s)
[Sat Nov 19 10:30:53 2016] [debug] POST "/upload"
[Sat Nov 19 10:30:53 2016] [debug] Routing to a callback
[Sat Nov 19 10:30:53 2016] [error] Cannot bind unknown placeholder 2 (2) at /Users/alejandroimass/perl5/perlbrew/perls/perl-5.20.3/lib/site_perl/5.20.3/Mojo/Pg/Database.pm line 89, <$fh> line 2.

[Sat Nov 19 10:30:53 2016] [debug] Template "exception.development.html.ep" not found
[Sat Nov 19 10:30:53 2016] [debug] Template "exception.html.ep" not found
[Sat Nov 19 10:30:53 2016] [debug] Rendering template "mojo/debug.html.ep"
[Sat Nov 19 10:30:53 2016] [debug] Rendering template "mojo/menubar.html.ep"
[Sat Nov 19 10:30:53 2016] [debug] 500 Internal Server Error (0.188841s, 5.295/s)
[Sat Nov 19 10:31:49 2016] [debug] POST "/upload"
[Sat Nov 19 10:31:49 2016] [debug] Routing to a callback
[Sat Nov 19 10:31:49 2016] [debug] Rendering template "expense-report.html.ep"
[Sat Nov 19 10:31:49 2016] [debug] Rendering template "layouts/default.html.ep"
[Sat Nov 19 10:31:49 2016] [debug] 200 OK (0.243372s, 4.109/s)
[Sat Nov 19 10:34:38 2016] [debug] POST "/upload"
[Sat Nov 19 10:34:38 2016] [debug] Routing to a callback
[Sat Nov 19 10:34:38 2016] [error] DBD::Pg::st execute failed: ERROR:  relation "expense_report" does not exist
LINE 1: insert into expense_report (description,file,loaded_by) valu...
                    ^ at lib/SEChallenge/Model/ExpenseProcessor.pm line 34.

[Sat Nov 19 10:34:38 2016] [debug] Template "exception.development.html.ep" not found
[Sat Nov 19 10:34:38 2016] [debug] Template "exception.html.ep" not found
[Sat Nov 19 10:34:38 2016] [debug] Rendering template "mojo/debug.html.ep"
[Sat Nov 19 10:34:38 2016] [debug] Rendering template "mojo/menubar.html.ep"
[Sat Nov 19 10:34:38 2016] [debug] 500 Internal Server Error (0.053734s, 18.610/s)
[Sat Nov 19 10:35:10 2016] [debug] POST "/upload"
[Sat Nov 19 10:35:10 2016] [debug] Routing to a callback
[Sat Nov 19 10:35:10 2016] [error] DBD::Pg::st execute failed: ERROR:  relation "expense_report" does not exist
LINE 1: insert into expense_report (description,file,loaded_by) valu...
                    ^ at lib/SEChallenge/Model/ExpenseProcessor.pm line 34.

[Sat Nov 19 10:35:10 2016] [debug] Template "exception.development.html.ep" not found
[Sat Nov 19 10:35:10 2016] [debug] Template "exception.html.ep" not found
[Sat Nov 19 10:35:10 2016] [debug] Rendering cached template "mojo/debug.html.ep"
[Sat Nov 19 10:35:10 2016] [debug] Rendering cached template "mojo/menubar.html.ep"
[Sat Nov 19 10:35:10 2016] [debug] 500 Internal Server Error (0.014898s, 67.123/s)
[Sat Nov 19 10:35:33 2016] [debug] POST "/upload"
[Sat Nov 19 10:35:33 2016] [debug] Routing to a callback
[Sat Nov 19 10:35:33 2016] [debug] Rendering template "expense-report.html.ep"
[Sat Nov 19 10:35:33 2016] [debug] Rendering template "layouts/default.html.ep"
[Sat Nov 19 10:35:33 2016] [debug] 200 OK (0.210132s, 4.759/s)
[Sun Nov 20 00:27:34 2016] [debug] POST "/upload"
[Sun Nov 20 00:27:34 2016] [debug] Routing to a callback
[Sun Nov 20 00:27:34 2016] [error] DBD::Pg::st execute failed: ERROR:  column "date" of relation "expense_line" does not exist
LINE 3: date, total) values ($1,$2,$3,$4,$5,$6,$7,$8,$9)
        ^ at lib/SEChallenge/Model/ExpenseProcessor.pm line 122.

[Sun Nov 20 00:27:34 2016] [debug] Template "exception.development.html.ep" not found
[Sun Nov 20 00:27:34 2016] [debug] Template "exception.html.ep" not found
[Sun Nov 20 00:27:34 2016] [debug] Rendering template "mojo/debug.html.ep"
[Sun Nov 20 00:27:34 2016] [debug] Rendering template "mojo/menubar.html.ep"
[Sun Nov 20 00:27:34 2016] [debug] 500 Internal Server Error (0.247988s, 4.032/s)
[Sun Nov 20 00:27:53 2016] [debug] POST "/upload"
[Sun Nov 20 00:27:53 2016] [debug] Routing to a callback
[Sun Nov 20 00:27:53 2016] [error] DBD::Pg::st execute failed: ERROR:  relation "expense_report" does not exist
LINE 1: insert into expense_report (description,file,loaded_by)
                    ^ at lib/SEChallenge/Model/ExpenseProcessor.pm line 35.

[Sun Nov 20 00:27:53 2016] [debug] Template "exception.development.html.ep" not found
[Sun Nov 20 00:27:53 2016] [debug] Template "exception.html.ep" not found
[Sun Nov 20 00:27:53 2016] [debug] Rendering cached template "mojo/debug.html.ep"
[Sun Nov 20 00:27:53 2016] [debug] Rendering cached template "mojo/menubar.html.ep"
[Sun Nov 20 00:27:53 2016] [debug] 500 Internal Server Error (0.016313s, 61.301/s)
[Sun Nov 20 00:28:10 2016] [debug] POST "/upload"
[Sun Nov 20 00:28:10 2016] [debug] Routing to a callback
[Sun Nov 20 00:28:10 2016] [debug] Rendering template "expense-report.html.ep"
[Sun Nov 20 00:28:10 2016] [debug] Rendering template "layouts/default.html.ep"
[Sun Nov 20 00:28:10 2016] [debug] 200 OK (0.217154s, 4.605/s)
[Sun Nov 20 00:32:21 2016] [debug] POST "/upload"
[Sun Nov 20 00:32:21 2016] [debug] Routing to a callback
[Sun Nov 20 00:32:21 2016] [debug] Rendering template "expense-report.html.ep"
[Sun Nov 20 00:32:21 2016] [debug] Rendering template "layouts/default.html.ep"
[Sun Nov 20 00:32:21 2016] [debug] 200 OK (0.231168s, 4.326/s)
[Sun Nov 20 00:33:19 2016] [debug] POST "/upload"
[Sun Nov 20 00:33:19 2016] [debug] Routing to a callback
[Sun Nov 20 00:33:19 2016] [debug] Rendering template "expense-report.html.ep"
[Sun Nov 20 00:33:19 2016] [debug] Rendering template "layouts/default.html.ep"
[Sun Nov 20 00:33:19 2016] [debug] 200 OK (0.216115s, 4.627/s)
[Sun Nov 20 00:36:16 2016] [debug] POST "/upload"
[Sun Nov 20 00:36:16 2016] [debug] Routing to a callback
[Sun Nov 20 00:36:16 2016] [debug] Rendering template "expense-report.html.ep"
[Sun Nov 20 00:36:16 2016] [debug] Rendering template "layouts/default.html.ep"
[Sun Nov 20 00:36:16 2016] [debug] 200 OK (0.18596s, 5.378/s)
[Sun Nov 20 00:37:40 2016] [debug] POST "/upload"
[Sun Nov 20 00:37:40 2016] [debug] Routing to a callback
[Sun Nov 20 00:37:41 2016] [debug] Rendering template "expense-report.html.ep"
[Sun Nov 20 00:37:41 2016] [debug] Rendering template "layouts/default.html.ep"
[Sun Nov 20 00:37:41 2016] [debug] 200 OK (0.16757s, 5.968/s)
[Sun Nov 20 00:38:19 2016] [debug] POST "/upload"
[Sun Nov 20 00:38:19 2016] [debug] Routing to a callback
[Sun Nov 20 00:38:19 2016] [debug] Rendering template "expense-report.html.ep"
[Sun Nov 20 00:38:19 2016] [debug] Rendering template "layouts/default.html.ep"
[Sun Nov 20 00:38:19 2016] [debug] 200 OK (0.181652s, 5.505/s)
[Sun Nov 20 00:39:59 2016] [debug] POST "/upload"
[Sun Nov 20 00:39:59 2016] [debug] Routing to a callback
[Sun Nov 20 00:40:00 2016] [debug] Rendering template "expense-report.html.ep"
[Sun Nov 20 00:40:00 2016] [debug] Rendering template "layouts/default.html.ep"
[Sun Nov 20 00:40:00 2016] [debug] 200 OK (0.17382s, 5.753/s)
[Sun Nov 20 00:41:02 2016] [debug] POST "/upload"
[Sun Nov 20 00:41:02 2016] [debug] Routing to a callback
[Sun Nov 20 00:41:02 2016] [debug] Rendering template "expense-report.html.ep"
[Sun Nov 20 00:41:02 2016] [debug] Rendering template "layouts/default.html.ep"
[Sun Nov 20 00:41:02 2016] [debug] 200 OK (0.186726s, 5.355/s)
[Sun Nov 20 00:41:57 2016] [debug] POST "/upload"
[Sun Nov 20 00:41:57 2016] [debug] Routing to a callback
[Sun Nov 20 00:41:57 2016] [debug] Rendering template "expense-report.html.ep"
[Sun Nov 20 00:41:57 2016] [debug] Rendering template "layouts/default.html.ep"
[Sun Nov 20 00:41:57 2016] [debug] 200 OK (0.154681s, 6.465/s)
[Sun Nov 20 00:42:32 2016] [debug] POST "/upload"
[Sun Nov 20 00:42:32 2016] [debug] Routing to a callback
[Sun Nov 20 00:42:32 2016] [error] DBD::Pg::st execute failed: ERROR:  missing FROM-clause entry for table "a"
LINE 1: select a.expense_date as date, b.lastname as lastname, b.fir...
               ^ at lib/SEChallenge/Model/ExpenseProcessor.pm line 176.

[Sun Nov 20 00:42:32 2016] [debug] Template "exception.development.html.ep" not found
[Sun Nov 20 00:42:32 2016] [debug] Template "exception.html.ep" not found
[Sun Nov 20 00:42:32 2016] [debug] Rendering template "mojo/debug.html.ep"
[Sun Nov 20 00:42:32 2016] [debug] Rendering template "mojo/menubar.html.ep"
[Sun Nov 20 00:42:32 2016] [debug] 500 Internal Server Error (0.221929s, 4.506/s)
[Sun Nov 20 00:44:05 2016] [debug] POST "/upload"
[Sun Nov 20 00:44:05 2016] [debug] Routing to a callback
[Sun Nov 20 00:44:05 2016] [error] DBD::Pg::st execute failed: ERROR:  column a.expense_date does not exist
LINE 1: select a.expense_date as date, b.lastname as lastname, b.fir...
               ^ at lib/SEChallenge/Model/ExpenseProcessor.pm line 177.

[Sun Nov 20 00:44:05 2016] [debug] Template "exception.development.html.ep" not found
[Sun Nov 20 00:44:05 2016] [debug] Template "exception.html.ep" not found
[Sun Nov 20 00:44:05 2016] [debug] Rendering template "mojo/debug.html.ep"
[Sun Nov 20 00:44:05 2016] [debug] Rendering template "mojo/menubar.html.ep"
[Sun Nov 20 00:44:05 2016] [debug] 500 Internal Server Error (0.243541s, 4.106/s)
[Sun Nov 20 00:44:38 2016] [debug] POST "/upload"
[Sun Nov 20 00:44:38 2016] [debug] Routing to a callback
[Sun Nov 20 00:44:39 2016] [debug] Rendering template "expense-report.html.ep"
[Sun Nov 20 00:44:39 2016] [error] Not an ARRAY reference at template expense-report.html.ep line 4.
1: % layout 'default';
2: % if ($report) {
3: <table>
4:   % foreach (@$report->{lines_by_month}) {
5:   <tr>
6:     <td>
7:       %= $_
8:     </td>
9:   </tr>

[Sun Nov 20 00:44:39 2016] [debug] Template "exception.development.html.ep" not found
[Sun Nov 20 00:44:39 2016] [debug] Template "exception.html.ep" not found
[Sun Nov 20 00:44:39 2016] [debug] Rendering template "mojo/debug.html.ep"
[Sun Nov 20 00:44:39 2016] [debug] Rendering template "mojo/menubar.html.ep"
[Sun Nov 20 00:44:39 2016] [debug] 500 Internal Server Error (0.190538s, 5.248/s)
[Sun Nov 20 00:47:19 2016] [debug] POST "/upload"
[Sun Nov 20 00:47:19 2016] [debug] Routing to a callback
[Sun Nov 20 00:47:19 2016] [error] DBD::Pg::st execute failed: ERROR:  invalid input syntax for type double precision: "{"2013"}" at lib/SEChallenge/Model/ExpenseProcessor.pm line 167.

[Sun Nov 20 00:47:19 2016] [debug] Template "exception.development.html.ep" not found
[Sun Nov 20 00:47:19 2016] [debug] Template "exception.html.ep" not found
[Sun Nov 20 00:47:19 2016] [debug] Rendering template "mojo/debug.html.ep"
[Sun Nov 20 00:47:19 2016] [debug] Rendering template "mojo/menubar.html.ep"
[Sun Nov 20 00:47:19 2016] [debug] 500 Internal Server Error (0.216579s, 4.617/s)
[Sun Nov 20 00:48:30 2016] [debug] POST "/upload"
[Sun Nov 20 00:48:30 2016] [debug] Routing to a callback
[Sun Nov 20 00:48:31 2016] [debug] Rendering template "expense-report.html.ep"
[Sun Nov 20 00:48:31 2016] [error] Not an ARRAY reference at template expense-report.html.ep line 4.
1: % layout 'default';
2: % if ($report) {
3: <table>
4:   % foreach (@$report->{lines_by_month}) {
5:   <tr>
6:     <td>
7:       %= $_
8:     </td>
9:   </tr>

[Sun Nov 20 00:48:31 2016] [debug] Template "exception.development.html.ep" not found
[Sun Nov 20 00:48:31 2016] [debug] Template "exception.html.ep" not found
[Sun Nov 20 00:48:31 2016] [debug] Rendering template "mojo/debug.html.ep"
[Sun Nov 20 00:48:31 2016] [debug] Rendering template "mojo/menubar.html.ep"
[Sun Nov 20 00:48:31 2016] [debug] 500 Internal Server Error (0.211537s, 4.727/s)
[Sun Nov 20 00:48:56 2016] [debug] POST "/upload"
[Sun Nov 20 00:48:56 2016] [debug] Routing to a callback
[Sun Nov 20 00:48:56 2016] [debug] Rendering template "expense-report.html.ep"
[Sun Nov 20 00:48:56 2016] [error] Not an ARRAY reference at template expense-report.html.ep line 4.
1: % layout 'default';
2: % if ($report) {
3: <table>
4:   % foreach (@$report->{lines_by_month}) {
5:   <tr>
6:     <td>
7:       %= $_
8:     </td>
9:   </tr>

[Sun Nov 20 00:48:56 2016] [debug] Template "exception.development.html.ep" not found
[Sun Nov 20 00:48:56 2016] [debug] Template "exception.html.ep" not found
[Sun Nov 20 00:48:56 2016] [debug] Rendering template "mojo/debug.html.ep"
[Sun Nov 20 00:48:56 2016] [debug] Rendering template "mojo/menubar.html.ep"
[Sun Nov 20 00:48:56 2016] [debug] 500 Internal Server Error (0.223095s, 4.482/s)
[Sun Nov 20 00:50:14 2016] [debug] POST "/upload"
[Sun Nov 20 00:50:14 2016] [debug] Routing to a callback
[Sun Nov 20 00:50:14 2016] [error] Can't call method "all" on unblessed reference at lib/SEChallenge/Model/ExpenseProcessor.pm line 156.

[Sun Nov 20 00:50:14 2016] [debug] Template "exception.development.html.ep" not found
[Sun Nov 20 00:50:14 2016] [debug] Template "exception.html.ep" not found
[Sun Nov 20 00:50:14 2016] [debug] Rendering template "mojo/debug.html.ep"
[Sun Nov 20 00:50:14 2016] [debug] Rendering template "mojo/menubar.html.ep"
[Sun Nov 20 00:50:14 2016] [debug] 500 Internal Server Error (0.218638s, 4.574/s)
[Sun Nov 20 00:52:36 2016] [debug] POST "/upload"
[Sun Nov 20 00:52:36 2016] [debug] Routing to a callback
[Sun Nov 20 00:52:36 2016] [error] Can't call method "each" on unblessed reference at lib/SEChallenge/Model/ExpenseProcessor.pm line 156.

[Sun Nov 20 00:52:36 2016] [debug] Template "exception.development.html.ep" not found
[Sun Nov 20 00:52:36 2016] [debug] Template "exception.html.ep" not found
[Sun Nov 20 00:52:36 2016] [debug] Rendering template "mojo/debug.html.ep"
[Sun Nov 20 00:52:36 2016] [debug] Rendering template "mojo/menubar.html.ep"
[Sun Nov 20 00:52:36 2016] [debug] 500 Internal Server Error (0.216555s, 4.618/s)
[Sun Nov 20 00:52:55 2016] [debug] POST "/upload"
[Sun Nov 20 00:52:55 2016] [debug] Routing to a callback
[Sun Nov 20 00:52:55 2016] [error] Can't use string ("2") as an ARRAY ref while "strict refs" in use at lib/SEChallenge/Model/ExpenseProcessor.pm line 165.

[Sun Nov 20 00:52:55 2016] [debug] Template "exception.development.html.ep" not found
[Sun Nov 20 00:52:55 2016] [debug] Template "exception.html.ep" not found
[Sun Nov 20 00:52:55 2016] [debug] Rendering template "mojo/debug.html.ep"
[Sun Nov 20 00:52:55 2016] [debug] Rendering template "mojo/menubar.html.ep"
[Sun Nov 20 00:52:55 2016] [debug] 500 Internal Server Error (0.174431s, 5.733/s)
[Sun Nov 20 00:55:11 2016] [debug] POST "/upload"
[Sun Nov 20 00:55:11 2016] [debug] Routing to a callback
[Sun Nov 20 00:55:11 2016] [error] DBD::Pg::st execute failed: ERROR:  column "years" does not exist
LINE 2: ...rom expense_line where expense_report_id = $1 order by years
                                                                  ^ at lib/SEChallenge/Model/ExpenseProcessor.pm line 158.

[Sun Nov 20 00:55:11 2016] [debug] Template "exception.development.html.ep" not found
[Sun Nov 20 00:55:11 2016] [debug] Template "exception.html.ep" not found
[Sun Nov 20 00:55:11 2016] [debug] Rendering template "mojo/debug.html.ep"
[Sun Nov 20 00:55:11 2016] [debug] Rendering template "mojo/menubar.html.ep"
[Sun Nov 20 00:55:11 2016] [debug] 500 Internal Server Error (0.208374s, 4.799/s)
[Sun Nov 20 00:55:40 2016] [debug] POST "/upload"
[Sun Nov 20 00:55:40 2016] [debug] Routing to a callback
[Sun Nov 20 00:55:40 2016] [debug] Rendering template "expense-report.html.ep"
[Sun Nov 20 00:55:40 2016] [error] Not an ARRAY reference at template expense-report.html.ep line 4.
1: % layout 'default';
2: % if ($report) {
3: <table>
4:   % foreach (@$report->{lines_by_month}) {
5:   <tr>
6:     <td>
7:       %= $_
8:     </td>
9:   </tr>

[Sun Nov 20 00:55:40 2016] [debug] Template "exception.development.html.ep" not found
[Sun Nov 20 00:55:40 2016] [debug] Template "exception.html.ep" not found
[Sun Nov 20 00:55:40 2016] [debug] Rendering template "mojo/debug.html.ep"
[Sun Nov 20 00:55:40 2016] [debug] Rendering template "mojo/menubar.html.ep"
[Sun Nov 20 00:55:40 2016] [debug] 500 Internal Server Error (0.230992s, 4.329/s)
[Sun Nov 20 00:59:54 2016] [debug] POST "/upload"
[Sun Nov 20 00:59:54 2016] [debug] Routing to a callback
[Sun Nov 20 00:59:54 2016] [debug] Rendering template "expense-report.html.ep"
[Sun Nov 20 00:59:54 2016] [error] Not an ARRAY reference at template expense-report.html.ep line 4.
1: % layout 'default';
2: % if ($report) {
3: <table>
4:   % foreach (@$report->{lines_by_month}) {
5:   <tr>
6:     <td>
7:       %= $_
8:     </td>
9:   </tr>

[Sun Nov 20 00:59:54 2016] [debug] Template "exception.development.html.ep" not found
[Sun Nov 20 00:59:54 2016] [debug] Template "exception.html.ep" not found
[Sun Nov 20 00:59:54 2016] [debug] Rendering template "mojo/debug.html.ep"
[Sun Nov 20 00:59:54 2016] [debug] Rendering template "mojo/menubar.html.ep"
[Sun Nov 20 00:59:54 2016] [debug] 500 Internal Server Error (0.215755s, 4.635/s)
[Sun Nov 20 01:00:30 2016] [debug] POST "/upload"
[Sun Nov 20 01:00:30 2016] [debug] Routing to a callback
[Sun Nov 20 01:00:30 2016] [debug] Rendering template "expense-report.html.ep"
[Sun Nov 20 01:00:30 2016] [error] Not an ARRAY reference at template expense-report.html.ep line 4.
1: % layout 'default';
2: % if ($report) {
3: <table>
4:   % foreach (@$report->{lines_by_month}) {
5:   <tr>
6:     <td>
7:       %= $_
8:     </td>
9:   </tr>

[Sun Nov 20 01:00:30 2016] [debug] Template "exception.development.html.ep" not found
[Sun Nov 20 01:00:30 2016] [debug] Template "exception.html.ep" not found
[Sun Nov 20 01:00:30 2016] [debug] Rendering template "mojo/debug.html.ep"
[Sun Nov 20 01:00:30 2016] [debug] Rendering template "mojo/menubar.html.ep"
[Sun Nov 20 01:00:30 2016] [debug] 500 Internal Server Error (0.23436s, 4.267/s)
[Sun Nov 20 01:03:36 2016] [debug] POST "/upload"
[Sun Nov 20 01:03:36 2016] [debug] Routing to a callback
[Sun Nov 20 01:03:37 2016] [error] Not an ARRAY reference at lib/SEChallenge/Model/ExpenseProcessor.pm line 174.

[Sun Nov 20 01:03:37 2016] [debug] Template "exception.development.html.ep" not found
[Sun Nov 20 01:03:37 2016] [debug] Template "exception.html.ep" not found
[Sun Nov 20 01:03:37 2016] [debug] Rendering template "mojo/debug.html.ep"
[Sun Nov 20 01:03:37 2016] [debug] Rendering template "mojo/menubar.html.ep"
[Sun Nov 20 01:03:37 2016] [debug] 500 Internal Server Error (0.199852s, 5.004/s)
[Sun Nov 20 01:04:50 2016] [debug] POST "/upload"
[Sun Nov 20 01:04:50 2016] [debug] Routing to a callback
[Sun Nov 20 01:04:50 2016] [debug] Rendering template "expense-report.html.ep"
[Sun Nov 20 01:04:50 2016] [error] Not an ARRAY reference at template expense-report.html.ep line 4.
1: % layout 'default';
2: % if ($report) {
3: <table>
4:   % foreach (@$report->{lines_by_month}) {
5:   <tr>
6:     <td>
7:       %= $_
8:     </td>
9:   </tr>

[Sun Nov 20 01:04:50 2016] [debug] Template "exception.development.html.ep" not found
[Sun Nov 20 01:04:50 2016] [debug] Template "exception.html.ep" not found
[Sun Nov 20 01:04:50 2016] [debug] Rendering template "mojo/debug.html.ep"
[Sun Nov 20 01:04:50 2016] [debug] Rendering template "mojo/menubar.html.ep"
[Sun Nov 20 01:04:50 2016] [debug] 500 Internal Server Error (0.229966s, 4.348/s)
[Sun Nov 20 01:06:37 2016] [debug] POST "/upload"
[Sun Nov 20 01:06:37 2016] [debug] Routing to a callback
[Sun Nov 20 01:06:37 2016] [error] DBD::Pg::st execute failed: ERROR:  for SELECT DISTINCT, ORDER BY expressions must appear in select list
LINE 2: from expense_line where expense_report_id = $1 order by date
                                                                ^ at lib/SEChallenge/Model/ExpenseProcessor.pm line 158.

[Sun Nov 20 01:06:37 2016] [debug] Template "exception.development.html.ep" not found
[Sun Nov 20 01:06:37 2016] [debug] Template "exception.html.ep" not found
[Sun Nov 20 01:06:37 2016] [debug] Rendering template "mojo/debug.html.ep"
[Sun Nov 20 01:06:37 2016] [debug] Rendering template "mojo/menubar.html.ep"
[Sun Nov 20 01:06:37 2016] [debug] 500 Internal Server Error (0.211612s, 4.726/s)
[Sun Nov 20 01:11:53 2016] [debug] POST "/upload"
[Sun Nov 20 01:11:53 2016] [debug] Routing to a callback
[Sun Nov 20 01:11:54 2016] [error] DBD::Pg::st execute failed: ERROR:  column "month" does not exist
LINE 3: and expense_report_id = $2 order by month::int
                                            ^ at lib/SEChallenge/Model/ExpenseProcessor.pm line 174.

[Sun Nov 20 01:11:54 2016] [debug] Template "exception.development.html.ep" not found
[Sun Nov 20 01:11:54 2016] [debug] Template "exception.html.ep" not found
[Sun Nov 20 01:11:54 2016] [debug] Rendering template "mojo/debug.html.ep"
[Sun Nov 20 01:11:54 2016] [debug] Rendering template "mojo/menubar.html.ep"
[Sun Nov 20 01:11:54 2016] [debug] 500 Internal Server Error (0.214245s, 4.668/s)
[Sun Nov 20 01:12:44 2016] [debug] POST "/upload"
[Sun Nov 20 01:12:44 2016] [debug] Routing to a callback
[Sun Nov 20 01:12:44 2016] [debug] Rendering template "expense-report.html.ep"
[Sun Nov 20 01:12:44 2016] [error] Not an ARRAY reference at template expense-report.html.ep line 4.
1: % layout 'default';
2: % if ($report) {
3: <table>
4:   % foreach (@$report->{lines_by_month}) {
5:   <tr>
6:     <td>
7:       %= $_
8:     </td>
9:   </tr>

[Sun Nov 20 01:12:44 2016] [debug] Template "exception.development.html.ep" not found
[Sun Nov 20 01:12:44 2016] [debug] Template "exception.html.ep" not found
[Sun Nov 20 01:12:44 2016] [debug] Rendering template "mojo/debug.html.ep"
[Sun Nov 20 01:12:44 2016] [debug] Rendering template "mojo/menubar.html.ep"
[Sun Nov 20 01:12:44 2016] [debug] 500 Internal Server Error (0.201685s, 4.958/s)
[Sun Nov 20 01:13:57 2016] [debug] POST "/upload"
[Sun Nov 20 01:13:57 2016] [debug] Routing to a callback
[Sun Nov 20 01:13:57 2016] [error] DBD::Pg::st execute failed: ERROR:  column "month" does not exist
LINE 3: and expense_report_id = $2 order by month::int
                                            ^ at lib/SEChallenge/Model/ExpenseProcessor.pm line 174.

[Sun Nov 20 01:13:57 2016] [debug] Template "exception.development.html.ep" not found
[Sun Nov 20 01:13:57 2016] [debug] Template "exception.html.ep" not found
[Sun Nov 20 01:13:57 2016] [debug] Rendering template "mojo/debug.html.ep"
[Sun Nov 20 01:13:57 2016] [debug] Rendering template "mojo/menubar.html.ep"
[Sun Nov 20 01:13:57 2016] [debug] 500 Internal Server Error (0.207995s, 4.808/s)
[Sun Nov 20 01:15:56 2016] [debug] POST "/upload"
[Sun Nov 20 01:15:56 2016] [debug] Routing to a callback
[Sun Nov 20 01:15:56 2016] [debug] Rendering template "expense-report.html.ep"
[Sun Nov 20 01:15:56 2016] [error] Not an ARRAY reference at template expense-report.html.ep line 4.
1: % layout 'default';
2: % if ($report) {
3: <table>
4:   % foreach (@$report->{lines_by_month}) {
5:   <tr>
6:     <td>
7:       %= $_
8:     </td>
9:   </tr>

[Sun Nov 20 01:15:56 2016] [debug] Template "exception.development.html.ep" not found
[Sun Nov 20 01:15:56 2016] [debug] Template "exception.html.ep" not found
[Sun Nov 20 01:15:56 2016] [debug] Rendering template "mojo/debug.html.ep"
[Sun Nov 20 01:15:56 2016] [debug] Rendering template "mojo/menubar.html.ep"
[Sun Nov 20 01:15:56 2016] [debug] 500 Internal Server Error (0.203645s, 4.911/s)
[Sun Nov 20 01:16:17 2016] [debug] POST "/upload"
[Sun Nov 20 01:16:17 2016] [debug] Routing to a callback
[Sun Nov 20 01:16:17 2016] [debug] Rendering template "expense-report.html.ep"
[Sun Nov 20 01:16:17 2016] [error] Not an ARRAY reference at template expense-report.html.ep line 4.
1: % layout 'default';
2: % if ($report) {
3: <table>
4:   % foreach (@$report->{lines_by_month}) {
5:   <tr>
6:     <td>
7:       %= $_
8:     </td>
9:   </tr>

[Sun Nov 20 01:16:17 2016] [debug] Template "exception.development.html.ep" not found
[Sun Nov 20 01:16:17 2016] [debug] Template "exception.html.ep" not found
[Sun Nov 20 01:16:17 2016] [debug] Rendering template "mojo/debug.html.ep"
[Sun Nov 20 01:16:17 2016] [debug] Rendering template "mojo/menubar.html.ep"
[Sun Nov 20 01:16:17 2016] [debug] 500 Internal Server Error (0.22996s, 4.349/s)
[Sun Nov 20 01:18:39 2016] [debug] POST "/upload"
[Sun Nov 20 01:18:39 2016] [debug] Routing to a callback
[Sun Nov 20 01:18:39 2016] [error] DBD::Pg::st execute failed: ERROR:  column "month" does not exist
LINE 3: and expense_report_id = $2 order by cast(month as integer)
                                                 ^ at lib/SEChallenge/Model/ExpenseProcessor.pm line 174.

[Sun Nov 20 01:18:39 2016] [debug] Template "exception.development.html.ep" not found
[Sun Nov 20 01:18:39 2016] [debug] Template "exception.html.ep" not found
[Sun Nov 20 01:18:39 2016] [debug] Rendering template "mojo/debug.html.ep"
[Sun Nov 20 01:18:39 2016] [debug] Rendering template "mojo/menubar.html.ep"
[Sun Nov 20 01:18:39 2016] [debug] 500 Internal Server Error (0.207584s, 4.817/s)
[Sun Nov 20 01:22:18 2016] [debug] POST "/upload"
[Sun Nov 20 01:22:18 2016] [debug] Routing to a callback
[Sun Nov 20 01:22:18 2016] [debug] Rendering template "expense-report.html.ep"
[Sun Nov 20 01:22:18 2016] [error] Not an ARRAY reference at template expense-report.html.ep line 4.
1: % layout 'default';
2: % if ($report) {
3: <table>
4:   % foreach (@$report->{lines_by_month}) {
5:   <tr>
6:     <td>
7:       %= $_
8:     </td>
9:   </tr>

[Sun Nov 20 01:22:18 2016] [debug] Template "exception.development.html.ep" not found
[Sun Nov 20 01:22:18 2016] [debug] Template "exception.html.ep" not found
[Sun Nov 20 01:22:18 2016] [debug] Rendering template "mojo/debug.html.ep"
[Sun Nov 20 01:22:18 2016] [debug] Rendering template "mojo/menubar.html.ep"
[Sun Nov 20 01:22:18 2016] [debug] 500 Internal Server Error (0.238545s, 4.192/s)
[Sun Nov 20 01:24:07 2016] [debug] POST "/upload"
[Sun Nov 20 01:24:07 2016] [debug] Routing to a callback
[Sun Nov 20 01:24:07 2016] [error] DBD::Pg::st execute failed: ERROR:  syntax error at or near "::"
LINE 1: select distinct extract(month from date)::::bytea as month 
                                                  ^ at lib/SEChallenge/Model/ExpenseProcessor.pm line 174.

[Sun Nov 20 01:24:07 2016] [debug] Template "exception.development.html.ep" not found
[Sun Nov 20 01:24:07 2016] [debug] Template "exception.html.ep" not found
[Sun Nov 20 01:24:07 2016] [debug] Rendering template "mojo/debug.html.ep"
[Sun Nov 20 01:24:07 2016] [debug] Rendering template "mojo/menubar.html.ep"
[Sun Nov 20 01:24:07 2016] [debug] 500 Internal Server Error (0.183919s, 5.437/s)
[Sun Nov 20 01:24:21 2016] [debug] POST "/upload"
[Sun Nov 20 01:24:21 2016] [debug] Routing to a callback
[Sun Nov 20 01:24:21 2016] [error] DBD::Pg::st execute failed: ERROR:  cannot cast type double precision to bytea
LINE 1: select distinct extract(month from date)::bytea as month 
                                                ^ at lib/SEChallenge/Model/ExpenseProcessor.pm line 174.

[Sun Nov 20 01:24:21 2016] [debug] Template "exception.development.html.ep" not found
[Sun Nov 20 01:24:21 2016] [debug] Template "exception.html.ep" not found
[Sun Nov 20 01:24:21 2016] [debug] Rendering template "mojo/debug.html.ep"
[Sun Nov 20 01:24:22 2016] [debug] Rendering template "mojo/menubar.html.ep"
[Sun Nov 20 01:24:22 2016] [debug] 500 Internal Server Error (0.212419s, 4.708/s)
[Sun Nov 20 01:38:49 2016] [debug] POST "/upload"
[Sun Nov 20 01:38:49 2016] [debug] Routing to a callback
[Sun Nov 20 01:38:49 2016] [debug] Rendering template "expense-report.html.ep"
[Sun Nov 20 01:38:49 2016] [error] Not an ARRAY reference at template expense-report.html.ep line 4.
1: % layout 'default';
2: % if ($report) {
3: <table>
4:   % foreach (@$report->{lines_by_month}) {
5:   <tr>
6:     <td>
7:       %= $_
8:     </td>
9:   </tr>

[Sun Nov 20 01:38:49 2016] [debug] Template "exception.development.html.ep" not found
[Sun Nov 20 01:38:49 2016] [debug] Template "exception.html.ep" not found
[Sun Nov 20 01:38:49 2016] [debug] Rendering template "mojo/debug.html.ep"
[Sun Nov 20 01:38:49 2016] [debug] Rendering template "mojo/menubar.html.ep"
[Sun Nov 20 01:38:49 2016] [debug] 500 Internal Server Error (0.345092s, 2.898/s)
[Sun Nov 20 01:39:26 2016] [debug] POST "/upload"
[Sun Nov 20 01:39:26 2016] [debug] Routing to a callback
[Sun Nov 20 01:39:26 2016] [debug] Rendering template "expense-report.html.ep"
[Sun Nov 20 01:39:26 2016] [error] Not an ARRAY reference at template expense-report.html.ep line 4.
1: % layout 'default';
2: % if ($report) {
3: <table>
4:   % foreach (@$report->{lines_by_month}) {
5:   <tr>
6:     <td>
7:       %= $_
8:     </td>
9:   </tr>

[Sun Nov 20 01:39:26 2016] [debug] Template "exception.development.html.ep" not found
[Sun Nov 20 01:39:26 2016] [debug] Template "exception.html.ep" not found
[Sun Nov 20 01:39:26 2016] [debug] Rendering template "mojo/debug.html.ep"
[Sun Nov 20 01:39:26 2016] [debug] Rendering template "mojo/menubar.html.ep"
[Sun Nov 20 01:39:26 2016] [debug] 500 Internal Server Error (0.212803s, 4.699/s)
[Sun Nov 20 01:40:12 2016] [debug] POST "/upload"
[Sun Nov 20 01:40:12 2016] [debug] Routing to a callback
[Sun Nov 20 01:40:13 2016] [debug] Rendering template "expense-report.html.ep"
[Sun Nov 20 01:40:13 2016] [error] Not an ARRAY reference at template expense-report.html.ep line 4.
1: % layout 'default';
2: % if ($report) {
3: <table>
4:   % foreach (@$report->{lines_by_month}) {
5:   <tr>
6:     <td>
7:       %= $_
8:     </td>
9:   </tr>

[Sun Nov 20 01:40:13 2016] [debug] Template "exception.development.html.ep" not found
[Sun Nov 20 01:40:13 2016] [debug] Template "exception.html.ep" not found
[Sun Nov 20 01:40:13 2016] [debug] Rendering template "mojo/debug.html.ep"
[Sun Nov 20 01:40:13 2016] [debug] Rendering template "mojo/menubar.html.ep"
[Sun Nov 20 01:40:13 2016] [debug] 500 Internal Server Error (0.219129s, 4.564/s)
[Sun Nov 20 01:44:05 2016] [debug] POST "/upload"
[Sun Nov 20 01:44:05 2016] [debug] Routing to a callback
[Sun Nov 20 01:44:06 2016] [error] DBD::Pg::st execute failed: ERROR:  invalid input syntax for type double precision: "{"9","10","11","12"}" at lib/SEChallenge/Model/ExpenseProcessor.pm line 189.

[Sun Nov 20 01:44:06 2016] [debug] Template "exception.development.html.ep" not found
[Sun Nov 20 01:44:06 2016] [debug] Template "exception.html.ep" not found
[Sun Nov 20 01:44:06 2016] [debug] Rendering template "mojo/debug.html.ep"
[Sun Nov 20 01:44:06 2016] [debug] Rendering template "mojo/menubar.html.ep"
[Sun Nov 20 01:44:06 2016] [debug] 500 Internal Server Error (0.206775s, 4.836/s)
[Sun Nov 20 01:53:26 2016] [debug] POST "/upload"
[Sun Nov 20 01:53:26 2016] [debug] Routing to a callback
[Sun Nov 20 01:53:26 2016] [debug] Rendering template "expense-report.html.ep"
[Sun Nov 20 01:53:26 2016] [error] Not an ARRAY reference at template expense-report.html.ep line 4.
1: % layout 'default';
2: % if ($report) {
3: <table>
4:   % foreach (@$report->{lines_by_month}) {
5:   <tr>
6:     <td>
7:       %= $_
8:     </td>
9:   </tr>

[Sun Nov 20 01:53:26 2016] [debug] Template "exception.development.html.ep" not found
[Sun Nov 20 01:53:26 2016] [debug] Template "exception.html.ep" not found
[Sun Nov 20 01:53:26 2016] [debug] Rendering template "mojo/debug.html.ep"
[Sun Nov 20 01:53:26 2016] [debug] Rendering template "mojo/menubar.html.ep"
[Sun Nov 20 01:53:26 2016] [debug] 500 Internal Server Error (0.233317s, 4.286/s)
[Sun Nov 20 01:55:25 2016] [debug] POST "/upload"
[Sun Nov 20 01:55:25 2016] [debug] Routing to a callback
[Sun Nov 20 01:55:25 2016] [debug] Rendering template "expense-report.html.ep"
[Sun Nov 20 01:55:25 2016] [debug] Rendering template "layouts/default.html.ep"
[Sun Nov 20 01:55:25 2016] [debug] 200 OK (0.202738s, 4.932/s)
[Sun Nov 20 02:15:21 2016] [debug] POST "/upload"
[Sun Nov 20 02:15:21 2016] [debug] Routing to a callback
[Sun Nov 20 02:15:22 2016] [debug] Rendering template "expense-report.html.ep"
[Sun Nov 20 02:15:22 2016] [error] Can't modify constant item in scalar assignment at template expense-report.html.ep line 11, at EOF
  (Might be a runaway multi-line "" string starting on line 3)
syntax error at template expense-report.html.ep line 16, near ";
 foreach "
  (Might be a runaway multi-line "" string starting on line 12)
6:   Uploaded File: %= $report->{file}<br>
7:   Loaded by: %= $report->{loaded_by}<br>
8:   Created on: %= $report->{created}<br>
9: </p>
10: 
11: % for(i=0;i<#@{$report->{years}};i++) {
12: <p>
13:   Year: %= $report->{years}->[i];
14: </p>
15: <table>
16:   % foreach (@{$report->{lines_by_month}}) {

[Sun Nov 20 02:15:22 2016] [debug] Template "exception.development.html.ep" not found
[Sun Nov 20 02:15:22 2016] [debug] Template "exception.html.ep" not found
[Sun Nov 20 02:15:22 2016] [debug] Rendering template "mojo/debug.html.ep"
[Sun Nov 20 02:15:22 2016] [debug] Rendering template "mojo/menubar.html.ep"
[Sun Nov 20 02:15:22 2016] [debug] 500 Internal Server Error (0.240144s, 4.164/s)
[Sun Nov 20 02:17:22 2016] [debug] POST "/upload"
[Sun Nov 20 02:17:22 2016] [debug] Routing to a callback
[Sun Nov 20 02:17:22 2016] [debug] Rendering template "expense-report.html.ep"
[Sun Nov 20 02:17:22 2016] [error] Can't modify constant item in scalar assignment at template expense-report.html.ep line 11, at EOF
  (Might be a runaway multi-line "" string starting on line 3)
syntax error at template expense-report.html.ep line 16, near ";
 foreach "
  (Might be a runaway multi-line "" string starting on line 12)
syntax error at template expense-report.html.ep line 26, near "} else"
syntax error at template expense-report.html.ep line 32, near "; }"
  (Might be a runaway multi-line "" string starting on line 27)
Global symbol "$_O" requires explicit package name at template expense-report.html.ep line 32.
Unmatched right curly bracket at template expense-report.html.ep line 32, at end of line
6:   Uploaded File: %= $report->{file}<br>
7:   Loaded by: %= $report->{loaded_by}<br>
8:   Created on: %= $report->{created}<br>
9: </p>
10: 
11: % for(i=0;i<#@{$report->{years}};i++) {
12: <p>
13:   Year: %= $report->{years}->[i];
14: </p>
15: <table>
16:   % foreach (@{$report->{lines_by_month}}) {

[Sun Nov 20 02:17:22 2016] [debug] Template "exception.development.html.ep" not found
[Sun Nov 20 02:17:22 2016] [debug] Template "exception.html.ep" not found
[Sun Nov 20 02:17:22 2016] [debug] Rendering template "mojo/debug.html.ep"
[Sun Nov 20 02:17:22 2016] [debug] Rendering template "mojo/menubar.html.ep"
[Sun Nov 20 02:17:22 2016] [debug] 500 Internal Server Error (0.23356s, 4.282/s)
[Sun Nov 20 02:18:47 2016] [debug] POST "/upload"
[Sun Nov 20 02:18:47 2016] [debug] Routing to a callback
[Sun Nov 20 02:18:47 2016] [debug] Rendering template "expense-report.html.ep"
[Sun Nov 20 02:18:47 2016] [error] Can't modify constant item in scalar assignment at template expense-report.html.ep line 11, at EOF
  (Might be a runaway multi-line "" string starting on line 3)
syntax error at template expense-report.html.ep line 15, at EOF
  (Might be a runaway multi-line "" string starting on line 12)
Unmatched right curly bracket at template expense-report.html.ep line 23, at end of line
6:   Uploaded File: %= $report->{file}<br>
7:   Loaded by: %= $report->{loaded_by}<br>
8:   Created on: %= $report->{created}<br>
9: </p>
10: 
11: % for(i=0;i<#@{$report->{years}};i++) {
12: <p>
13:   Year: %= $report->{years}->[i];
14: </p>
15: % }
16: </table>

[Sun Nov 20 02:18:47 2016] [debug] Template "exception.development.html.ep" not found
[Sun Nov 20 02:18:47 2016] [debug] Template "exception.html.ep" not found
[Sun Nov 20 02:18:47 2016] [debug] Rendering template "mojo/debug.html.ep"
[Sun Nov 20 02:18:47 2016] [debug] Rendering template "mojo/menubar.html.ep"
[Sun Nov 20 02:18:47 2016] [debug] 500 Internal Server Error (0.23381s, 4.277/s)
[Sun Nov 20 02:19:11 2016] [debug] POST "/upload"
[Sun Nov 20 02:19:11 2016] [debug] Routing to a callback
[Sun Nov 20 02:19:11 2016] [debug] Rendering template "expense-report.html.ep"
[Sun Nov 20 02:19:11 2016] [error] Can't modify constant item in scalar assignment at template expense-report.html.ep line 11, at EOF
  (Might be a runaway multi-line "" string starting on line 3)
syntax error at template expense-report.html.ep line 15, at EOF
  (Might be a runaway multi-line "" string starting on line 12)
Unmatched right curly bracket at template expense-report.html.ep line 23, at end of line
6:   Uploaded File: %= $report->{file}<br>
7:   Loaded by: %= $report->{loaded_by}<br>
8:   Created on: %= $report->{created}<br>
9: </p>
10: 
11: % for(i=0;i<#@{$report->{years}};i++) {
12: <p>
13:   Year: %= $report->{years}->[i];
14: </p>
15: % }
16: </table>

[Sun Nov 20 02:19:11 2016] [debug] Template "exception.development.html.ep" not found
[Sun Nov 20 02:19:11 2016] [debug] Template "exception.html.ep" not found
[Sun Nov 20 02:19:11 2016] [debug] Rendering template "mojo/debug.html.ep"
[Sun Nov 20 02:19:11 2016] [debug] Rendering template "mojo/menubar.html.ep"
[Sun Nov 20 02:19:11 2016] [debug] 500 Internal Server Error (0.226098s, 4.423/s)
[Sun Nov 20 02:22:11 2016] [debug] POST "/upload"
[Sun Nov 20 02:22:11 2016] [debug] Routing to a callback
[Sun Nov 20 02:22:11 2016] [debug] Rendering template "expense-report.html.ep"
[Sun Nov 20 02:22:11 2016] [error] Can't modify constant item in scalar assignment at template expense-report.html.ep line 11, at EOF
  (Might be a runaway multi-line "" string starting on line 3)
6:   Uploaded File: %= $report->{file}<br>
7:   Loaded by: %= $report->{loaded_by}<br>
8:   Created on: %= $report->{created}<br>
9: </p>
10: 
11: % for(i=0;i<$#{$report->{years}};i++) {
12: <p>
13:   Year: %= $report->{years}->[i];
14: </p>
15: % }
16: </table>

[Sun Nov 20 02:22:11 2016] [debug] Template "exception.development.html.ep" not found
[Sun Nov 20 02:22:11 2016] [debug] Template "exception.html.ep" not found
[Sun Nov 20 02:22:11 2016] [debug] Rendering template "mojo/debug.html.ep"
[Sun Nov 20 02:22:11 2016] [debug] Rendering template "mojo/menubar.html.ep"
[Sun Nov 20 02:22:11 2016] [debug] 500 Internal Server Error (0.234444s, 4.265/s)
[Sun Nov 20 02:22:58 2016] [debug] POST "/upload"
[Sun Nov 20 02:22:58 2016] [debug] Routing to a callback
[Sun Nov 20 02:22:58 2016] [debug] Rendering template "expense-report.html.ep"
[Sun Nov 20 02:22:58 2016] [error] Can't modify constant item in scalar assignment at template expense-report.html.ep line 11, at EOF
  (Might be a runaway multi-line "" string starting on line 3)
6:   Uploaded File: %= $report->{file}<br>
7:   Loaded by: %= $report->{loaded_by}<br>
8:   Created on: %= $report->{created}<br>
9: </p>
10: 
11: % for(i=0;i<scalar @{$report->{years}};i++) {
12: <p>
13:   Year: %= $report->{years}->[i];
14: </p>
15: % }
16: </table>

[Sun Nov 20 02:22:58 2016] [debug] Template "exception.development.html.ep" not found
[Sun Nov 20 02:22:58 2016] [debug] Template "exception.html.ep" not found
[Sun Nov 20 02:22:58 2016] [debug] Rendering template "mojo/debug.html.ep"
[Sun Nov 20 02:22:58 2016] [debug] Rendering template "mojo/menubar.html.ep"
[Sun Nov 20 02:22:58 2016] [debug] 500 Internal Server Error (0.214654s, 4.659/s)
[Sun Nov 20 02:24:43 2016] [debug] POST "/upload"
[Sun Nov 20 02:24:43 2016] [debug] Routing to a callback
[Sun Nov 20 02:24:44 2016] [debug] Rendering template "expense-report.html.ep"
[Sun Nov 20 02:24:44 2016] [error] Global symbol "$i" requires explicit package name at template expense-report.html.ep line 11.
Global symbol "$i" requires explicit package name at template expense-report.html.ep line 11.
Global symbol "$i" requires explicit package name at template expense-report.html.ep line 11.
6:   Uploaded File: %= $report->{file}<br>
7:   Loaded by: %= $report->{loaded_by}<br>
8:   Created on: %= $report->{created}<br>
9: </p>
10: 
11: % for($i=0;$i<scalar @{$report->{years}} ;$i++) {
12: <p>
13:   Year: %= $report->{years}->[i];
14: </p>
15: % }
16: </table>

[Sun Nov 20 02:24:44 2016] [debug] Template "exception.development.html.ep" not found
[Sun Nov 20 02:24:44 2016] [debug] Template "exception.html.ep" not found
[Sun Nov 20 02:24:44 2016] [debug] Rendering template "mojo/debug.html.ep"
[Sun Nov 20 02:24:44 2016] [debug] Rendering template "mojo/menubar.html.ep"
[Sun Nov 20 02:24:44 2016] [debug] 500 Internal Server Error (0.238076s, 4.200/s)
[Sun Nov 20 02:25:06 2016] [debug] POST "/upload"
[Sun Nov 20 02:25:06 2016] [debug] Routing to a callback
[Sun Nov 20 02:25:07 2016] [debug] Rendering template "expense-report.html.ep"
[Sun Nov 20 02:25:07 2016] [debug] Rendering template "layouts/default.html.ep"
[Sun Nov 20 02:25:07 2016] [debug] 200 OK (0.183281s, 5.456/s)
[Sun Nov 20 02:29:03 2016] [debug] POST "/upload"
[Sun Nov 20 02:29:03 2016] [debug] Routing to a callback
[Sun Nov 20 02:29:04 2016] [debug] Rendering template "expense-report.html.ep"
[Sun Nov 20 02:29:04 2016] [debug] Rendering template "layouts/default.html.ep"
[Sun Nov 20 02:29:04 2016] [debug] 200 OK (0.215851s, 4.633/s)
[Sun Nov 20 02:29:04 2016] [debug] POST "/upload"
[Sun Nov 20 02:29:04 2016] [debug] Routing to a callback
[Sun Nov 20 02:29:04 2016] [debug] Rendering cached template "expense-report.html.ep"
[Sun Nov 20 02:29:04 2016] [debug] Rendering cached template "layouts/default.html.ep"
[Sun Nov 20 02:29:04 2016] [debug] 200 OK (0.165445s, 6.044/s)
[Sun Nov 20 02:30:17 2016] [debug] POST "/upload"
[Sun Nov 20 02:30:17 2016] [debug] Routing to a callback
[Sun Nov 20 02:30:17 2016] [debug] Rendering template "expense-report.html.ep"
[Sun Nov 20 02:30:17 2016] [error] Bareword "i" not allowed while "strict subs" in use at template expense-report.html.ep line 13.
8:   Created on: <%= $report->{created}%><br>
9: </p>
10: 
11: % for(my $i=0;$i<scalar @{$report->{years}} ;$i++) {
12: <p>
13:   Year: <%= $report->{years}->[i]%>;
14: </p>
15: % }
16: </table>
17: % } else {
18: 

[Sun Nov 20 02:30:17 2016] [debug] Template "exception.development.html.ep" not found
[Sun Nov 20 02:30:17 2016] [debug] Template "exception.html.ep" not found
[Sun Nov 20 02:30:17 2016] [debug] Rendering template "mojo/debug.html.ep"
[Sun Nov 20 02:30:17 2016] [debug] Rendering template "mojo/menubar.html.ep"
[Sun Nov 20 02:30:17 2016] [debug] 500 Internal Server Error (0.213667s, 4.680/s)
[Sun Nov 20 02:30:23 2016] [debug] POST "/upload"
[Sun Nov 20 02:30:23 2016] [debug] Routing to a callback
[Sun Nov 20 02:30:23 2016] [debug] Rendering template "expense-report.html.ep"
[Sun Nov 20 02:30:23 2016] [error] Bareword "i" not allowed while "strict subs" in use at template expense-report.html.ep line 13.
8:   Created on: <%= $report->{created}%><br>
9: </p>
10: 
11: % for(my $i=0;$i<scalar @{$report->{years}} ;$i++) {
12: <p>
13:   Year: <%= $report->{years}->[i]%>;
14: </p>
15: % }
16: </table>
17: % } else {
18: 

[Sun Nov 20 02:30:23 2016] [debug] Template "exception.development.html.ep" not found
[Sun Nov 20 02:30:23 2016] [debug] Template "exception.html.ep" not found
[Sun Nov 20 02:30:23 2016] [debug] Rendering cached template "mojo/debug.html.ep"
[Sun Nov 20 02:30:23 2016] [debug] Rendering cached template "mojo/menubar.html.ep"
[Sun Nov 20 02:30:23 2016] [debug] 500 Internal Server Error (0.159794s, 6.258/s)
[Sun Nov 20 02:30:49 2016] [debug] POST "/upload"
[Sun Nov 20 02:30:49 2016] [debug] Routing to a callback
[Sun Nov 20 02:30:49 2016] [debug] Rendering template "expense-report.html.ep"
[Sun Nov 20 02:30:49 2016] [debug] Rendering template "layouts/default.html.ep"
[Sun Nov 20 02:30:49 2016] [debug] 200 OK (0.212666s, 4.702/s)
[Sun Nov 20 02:31:46 2016] [debug] POST "/upload"
[Sun Nov 20 02:31:46 2016] [debug] Routing to a callback
[Sun Nov 20 02:31:47 2016] [debug] Rendering template "expense-report.html.ep"
[Sun Nov 20 02:31:47 2016] [debug] Rendering template "layouts/default.html.ep"
[Sun Nov 20 02:31:47 2016] [debug] 200 OK (0.195547s, 5.114/s)
[Sun Nov 20 10:38:51 2016] [debug] POST "/upload"
[Sun Nov 20 10:38:51 2016] [debug] Routing to a callback
[Sun Nov 20 10:38:51 2016] [debug] Rendering template "expense-report.html.ep"
[Sun Nov 20 10:38:51 2016] [error] Can't call method "months" on unblessed reference at template expense-report.html.ep line 17.
12: <h1 style="background-color:greay;font-size:+2">
13:   Year: <%= $report->{years}->[$yi]%>
14: </h1>
15: % for(my $mi=0;$mi<scalar @{$report->{months_by_year}->[$yi]} ;$mi++) {
16: <h2 style="background-color:greay;font-size:+2">
17:   Month: <%= $report->months->{$report->{months_by_year}->[$yi]}%></em>
18: </h2>  
19: <table>
20:   <th>
21:     Date
22:   </th>

[Sun Nov 20 10:38:51 2016] [debug] Template "exception.development.html.ep" not found
[Sun Nov 20 10:38:51 2016] [debug] Template "exception.html.ep" not found
[Sun Nov 20 10:38:51 2016] [debug] Rendering template "mojo/debug.html.ep"
[Sun Nov 20 10:38:51 2016] [debug] Rendering template "mojo/menubar.html.ep"
[Sun Nov 20 10:38:51 2016] [debug] 500 Internal Server Error (0.557866s, 1.793/s)
[Sun Nov 20 10:39:41 2016] [debug] POST "/upload"
[Sun Nov 20 10:39:41 2016] [debug] Routing to a callback
[Sun Nov 20 10:39:42 2016] [debug] Rendering template "expense-report.html.ep"
[Sun Nov 20 10:39:42 2016] [error] Can't call method "month" on unblessed reference at template expense-report.html.ep line 17.
12: <h1 style="background-color:greay;font-size:+2">
13:   Year: <%= $report->{years}->[$yi]%>
14: </h1>
15: % for(my $mi=0;$mi<scalar @{$report->{months_by_year}->[$yi]} ;$mi++) {
16: <h2 style="background-color:greay;font-size:+2">
17:   Month: <%= $report->month->{$report->{months_by_year}->[$yi]}%></em>
18: </h2>  
19: <table>
20:   <th>
21:     Date
22:   </th>

[Sun Nov 20 10:39:42 2016] [debug] Template "exception.development.html.ep" not found
[Sun Nov 20 10:39:42 2016] [debug] Template "exception.html.ep" not found
[Sun Nov 20 10:39:42 2016] [debug] Rendering template "mojo/debug.html.ep"
[Sun Nov 20 10:39:42 2016] [debug] Rendering template "mojo/menubar.html.ep"
[Sun Nov 20 10:39:42 2016] [debug] 500 Internal Server Error (0.221911s, 4.506/s)
[Sun Nov 20 10:40:10 2016] [debug] POST "/upload"
[Sun Nov 20 10:40:10 2016] [debug] Routing to a callback
[Sun Nov 20 10:40:10 2016] [debug] Rendering template "expense-report.html.ep"
[Sun Nov 20 10:40:10 2016] [debug] Rendering template "layouts/default.html.ep"
[Sun Nov 20 10:40:10 2016] [debug] 200 OK (0.191999s, 5.208/s)
[Sun Nov 20 10:43:05 2016] [debug] POST "/upload"
[Sun Nov 20 10:43:05 2016] [debug] Routing to a callback
[Sun Nov 20 10:43:06 2016] [debug] Rendering template "expense-report.html.ep"
[Sun Nov 20 10:43:06 2016] [debug] Rendering template "layouts/default.html.ep"
[Sun Nov 20 10:43:06 2016] [debug] 200 OK (0.196962s, 5.077/s)
[Sun Nov 20 10:43:40 2016] [debug] POST "/upload"
[Sun Nov 20 10:43:40 2016] [debug] Routing to a callback
[Sun Nov 20 10:43:40 2016] [debug] Rendering template "expense-report.html.ep"
[Sun Nov 20 10:43:40 2016] [debug] Rendering template "layouts/default.html.ep"
[Sun Nov 20 10:43:40 2016] [debug] 200 OK (0.208461s, 4.797/s)
[Sun Nov 20 10:44:21 2016] [debug] POST "/upload"
[Sun Nov 20 10:44:21 2016] [debug] Routing to a callback
[Sun Nov 20 10:44:21 2016] [debug] Rendering template "expense-report.html.ep"
[Sun Nov 20 10:44:21 2016] [debug] Rendering template "layouts/default.html.ep"
[Sun Nov 20 10:44:21 2016] [debug] 200 OK (0.19538s, 5.118/s)
[Sun Nov 20 10:49:50 2016] [debug] POST "/upload"
[Sun Nov 20 10:49:50 2016] [debug] Routing to a callback
[Sun Nov 20 10:49:50 2016] [debug] Rendering template "expense-report.html.ep"
[Sun Nov 20 10:49:50 2016] [debug] Rendering template "layouts/default.html.ep"
[Sun Nov 20 10:49:50 2016] [debug] 200 OK (0.240031s, 4.166/s)
[Sun Nov 20 10:57:38 2016] [debug] POST "/upload"
[Sun Nov 20 10:57:38 2016] [debug] Routing to a callback
[Sun Nov 20 10:57:38 2016] [debug] Rendering template "expense-report.html.ep"
[Sun Nov 20 10:57:38 2016] [debug] Rendering template "layouts/default.html.ep"
[Sun Nov 20 10:57:38 2016] [debug] 200 OK (0.210486s, 4.751/s)
[Sun Nov 20 10:58:42 2016] [debug] POST "/upload"
[Sun Nov 20 10:58:42 2016] [debug] Routing to a callback
[Sun Nov 20 10:58:42 2016] [debug] Rendering template "expense-report.html.ep"
[Sun Nov 20 10:58:42 2016] [debug] Rendering template "layouts/default.html.ep"
[Sun Nov 20 10:58:42 2016] [debug] 200 OK (0.204185s, 4.898/s)
[Sun Nov 20 10:59:40 2016] [debug] POST "/upload"
[Sun Nov 20 10:59:40 2016] [debug] Routing to a callback
[Sun Nov 20 10:59:40 2016] [debug] Rendering template "expense-report.html.ep"
[Sun Nov 20 10:59:40 2016] [debug] Rendering template "layouts/default.html.ep"
[Sun Nov 20 10:59:40 2016] [debug] 200 OK (0.205076s, 4.876/s)
[Sun Nov 20 11:01:53 2016] [debug] POST "/upload"
[Sun Nov 20 11:01:53 2016] [debug] Routing to a callback
[Sun Nov 20 11:01:54 2016] [debug] Rendering template "expense-report.html.ep"
[Sun Nov 20 11:01:54 2016] [debug] Rendering template "layouts/default.html.ep"
[Sun Nov 20 11:01:54 2016] [debug] 200 OK (0.212841s, 4.698/s)
[Sun Nov 20 11:06:17 2016] [debug] POST "/upload"
[Sun Nov 20 11:06:17 2016] [debug] Routing to a callback
[Sun Nov 20 11:06:17 2016] [debug] Rendering template "expense-report.html.ep"
[Sun Nov 20 11:06:17 2016] [error] Global symbol "$month_total" requires explicit package name at template expense-report.html.ep line 16.
Global symbol "$line_total" requires explicit package name at template expense-report.html.ep line 75.
11: % for(my $yi=0;$yi<scalar @{$report->{years}} ;$yi++) {
12: <h1 style="background-color:greay;font-size:+2">
13:   Year: <%= $report->{years}->[$yi]%>
14: </h1>
15: % for(my $mi=0;$mi<scalar @{$report->{months_by_year}->[$yi]} ;$mi++) {
16:   % $month_total = 0;
17: <h2 style="background-color:greay;font-size:+2">
18:   Month: <%= $report->{month_name}->{$report->{months_by_year}->[$yi]->[$mi]}%></em>
19: </h2>
20: <style>
21: table, th, td {

[Sun Nov 20 11:06:17 2016] [debug] Template "exception.development.html.ep" not found
[Sun Nov 20 11:06:17 2016] [debug] Template "exception.html.ep" not found
[Sun Nov 20 11:06:17 2016] [debug] Rendering template "mojo/debug.html.ep"
[Sun Nov 20 11:06:17 2016] [debug] Rendering template "mojo/menubar.html.ep"
[Sun Nov 20 11:06:17 2016] [debug] 500 Internal Server Error (0.249736s, 4.004/s)
[Sun Nov 20 11:06:48 2016] [debug] POST "/upload"
[Sun Nov 20 11:06:48 2016] [debug] Routing to a callback
[Sun Nov 20 11:06:48 2016] [debug] Rendering template "expense-report.html.ep"
[Sun Nov 20 11:06:48 2016] [error] Global symbol "$line_total" requires explicit package name at template expense-report.html.ep line 75.
70:       </td>
71:       <td>
72:         <%= $line{total}  %>
73:       </td>
74:     </tr>
75:     % $line_total += $line{total};
76:     % }
77:     <tr>
78:       <td colspan=6; style=text-align:right>
79:         <b>Month Total</b>
80:       </td>

[Sun Nov 20 11:06:48 2016] [debug] Template "exception.development.html.ep" not found
[Sun Nov 20 11:06:48 2016] [debug] Template "exception.html.ep" not found
[Sun Nov 20 11:06:48 2016] [debug] Rendering template "mojo/debug.html.ep"
[Sun Nov 20 11:06:48 2016] [debug] Rendering template "mojo/menubar.html.ep"
[Sun Nov 20 11:06:48 2016] [debug] 500 Internal Server Error (0.218785s, 4.571/s)
[Sun Nov 20 11:07:39 2016] [debug] POST "/upload"
[Sun Nov 20 11:07:39 2016] [debug] Routing to a callback
[Sun Nov 20 11:07:39 2016] [debug] Rendering template "expense-report.html.ep"
[Sun Nov 20 11:07:39 2016] [debug] Rendering template "layouts/default.html.ep"
[Sun Nov 20 11:07:39 2016] [debug] 200 OK (0.200118s, 4.997/s)
[Sun Nov 20 11:08:19 2016] [debug] POST "/upload"
[Sun Nov 20 11:08:19 2016] [debug] Routing to a callback
[Sun Nov 20 11:08:19 2016] [debug] Rendering template "expense-report.html.ep"
[Sun Nov 20 11:08:19 2016] [debug] Rendering template "layouts/default.html.ep"
[Sun Nov 20 11:08:19 2016] [debug] 200 OK (0.217539s, 4.597/s)
[Sun Nov 20 11:10:15 2016] [debug] POST "/upload"
[Sun Nov 20 11:10:15 2016] [debug] Routing to a callback
[Sun Nov 20 11:10:15 2016] [debug] Rendering template "expense-report.html.ep"
[Sun Nov 20 11:10:15 2016] [debug] Rendering template "layouts/default.html.ep"
[Sun Nov 20 11:10:15 2016] [debug] 200 OK (0.180191s, 5.550/s)
[Sun Nov 20 11:11:00 2016] [debug] POST "/upload"
[Sun Nov 20 11:11:00 2016] [debug] Routing to a callback
[Sun Nov 20 11:11:01 2016] [debug] Rendering template "expense-report.html.ep"
[Sun Nov 20 11:11:01 2016] [debug] Rendering template "layouts/default.html.ep"
[Sun Nov 20 11:11:01 2016] [debug] 200 OK (0.218857s, 4.569/s)
[Sun Nov 20 11:11:23 2016] [debug] GET "/"
[Sun Nov 20 11:11:23 2016] [debug] Routing to a callback
[Sun Nov 20 11:11:23 2016] [debug] Rendering template "index.html.ep"
[Sun Nov 20 11:11:23 2016] [debug] Rendering cached template "layouts/default.html.ep"
[Sun Nov 20 11:11:23 2016] [debug] 200 OK (0.008311s, 120.322/s)
[Sun Nov 20 11:11:40 2016] [debug] GET "/"
[Sun Nov 20 11:11:40 2016] [debug] Routing to a callback
[Sun Nov 20 11:11:40 2016] [debug] 302 Found (0.000887s, 1127.396/s)
[Sun Nov 20 11:11:40 2016] [debug] GET "/upload"
[Sun Nov 20 11:11:40 2016] [debug] Routing to a callback
[Sun Nov 20 11:11:40 2016] [debug] Rendering template "upload.html.ep"
[Sun Nov 20 11:11:40 2016] [debug] Rendering cached template "layouts/default.html.ep"
[Sun Nov 20 11:11:40 2016] [debug] 200 OK (0.008192s, 122.070/s)
[Sun Nov 20 11:11:46 2016] [debug] POST "/upload"
[Sun Nov 20 11:11:46 2016] [debug] Routing to a callback
[Sun Nov 20 11:11:47 2016] [debug] Rendering cached template "expense-report.html.ep"
[Sun Nov 20 11:11:47 2016] [debug] Rendering cached template "layouts/default.html.ep"
[Sun Nov 20 11:11:47 2016] [debug] 200 OK (0.175288s, 5.705/s)
[Sun Nov 20 22:23:48 2016] [debug] GET "/"
[Sun Nov 20 22:23:48 2016] [debug] Routing to a callback
[Sun Nov 20 22:23:48 2016] [debug] Rendering template "index.html.ep"
[Sun Nov 20 22:23:48 2016] [debug] Rendering template "layouts/default.html.ep"
[Sun Nov 20 22:23:48 2016] [debug] 200 OK (0.019389s, 51.576/s)
[Sun Nov 20 22:23:55 2016] [debug] GET "/"
[Sun Nov 20 22:23:55 2016] [debug] Routing to a callback
[Sun Nov 20 22:23:55 2016] [debug] 302 Found (0.001416s, 706.215/s)
[Sun Nov 20 22:23:55 2016] [debug] GET "/upload"
[Sun Nov 20 22:23:55 2016] [debug] Routing to a callback
[Sun Nov 20 22:23:55 2016] [debug] Rendering template "upload.html.ep"
[Sun Nov 20 22:23:55 2016] [debug] Rendering cached template "layouts/default.html.ep"
[Sun Nov 20 22:23:55 2016] [debug] 200 OK (0.009433s, 106.011/s)
[Sun Nov 20 22:24:01 2016] [debug] POST "/upload"
[Sun Nov 20 22:24:01 2016] [debug] Routing to a callback
[Sun Nov 20 22:24:02 2016] [debug] Rendering template "expense-report.html.ep"
[Sun Nov 20 22:24:02 2016] [debug] Rendering cached template "layouts/default.html.ep"
[Sun Nov 20 22:24:02 2016] [debug] 200 OK (0.467482s, 2.139/s)
[Sun Nov 20 22:24:11 2016] [debug] POST "/upload"
[Sun Nov 20 22:24:11 2016] [debug] Routing to a callback
[Sun Nov 20 22:24:11 2016] [debug] Rendering cached template "expense-report.html.ep"
[Sun Nov 20 22:24:11 2016] [debug] Rendering cached template "layouts/default.html.ep"
[Sun Nov 20 22:24:11 2016] [debug] 200 OK (0.160362s, 6.236/s)
[Sun Nov 20 22:51:13 2016] [debug] POST "/upload"
[Sun Nov 20 22:51:13 2016] [debug] Routing to a callback
[Sun Nov 20 22:51:13 2016] [debug] 302 Found (0.177988s, 5.618/s)
[Sun Nov 20 22:51:13 2016] [debug] GET "/report/73"
[Sun Nov 20 22:51:13 2016] [debug] Routing to a callback
[Sun Nov 20 22:51:13 2016] [debug] Rendering template "expense-report.html.ep"
[Sun Nov 20 22:51:13 2016] [error] Global symbol "$report" requires explicit package name at template expense-report.html.ep line 2.
Global symbol "$report" requires explicit package name at template expense-report.html.ep line 4.
Global symbol "$report" requires explicit package name at template expense-report.html.ep line 5.
Global symbol "$report" requires explicit package name at template expense-report.html.ep line 6.
Global symbol "$report" requires explicit package name at template expense-report.html.ep line 7.
Global symbol "$report" requires explicit package name at template expense-report.html.ep line 8.
Global symbol "$report" requires explicit package name at template expense-report.html.ep line 11.
Global symbol "$report" requires explicit package name at template expense-report.html.ep line 13.
Global symbol "$report" requires explicit package name at template expense-report.html.ep line 15.
Global symbol "$report" requires explicit package name at template expense-report.html.ep line 18.
Global symbol "$report" requires explicit package name at template expense-report.html.ep line 18.
Global symbol "$report" requires explicit package name at template expense-report.html.ep line 48.
Global symbol "$report" requires explicit package name at template expense-report.html.ep line 49.
1: % layout 'default';
2: % if ($report) {
3: <p>
4:   Report ID: <%=$report->{id}%><br>
5:   Description: <%=$report->{description}%><br>
6:   Uploaded File: <%= $report->{file}%><br>
7:   Loaded by: <%= $report->{loaded_by}%><br>

[Sun Nov 20 22:51:13 2016] [debug] Template "exception.development.html.ep" not found
[Sun Nov 20 22:51:13 2016] [debug] Template "exception.html.ep" not found
[Sun Nov 20 22:51:13 2016] [debug] Rendering template "mojo/debug.html.ep"
[Sun Nov 20 22:51:13 2016] [debug] Rendering template "mojo/menubar.html.ep"
[Sun Nov 20 22:51:13 2016] [debug] 500 Internal Server Error (0.084288s, 11.864/s)
[Sun Nov 20 22:52:17 2016] [debug] GET "/report/73"
[Sun Nov 20 22:52:17 2016] [debug] Routing to a callback
[Sun Nov 20 22:52:17 2016] [debug] Rendering template "expense-report.html.ep"
[Sun Nov 20 22:52:17 2016] [debug] Rendering template "layouts/default.html.ep"
[Sun Nov 20 22:52:17 2016] [debug] 200 OK (0.048826s, 20.481/s)
[Sun Nov 20 22:52:23 2016] [debug] GET "/report/70"
[Sun Nov 20 22:52:23 2016] [debug] Routing to a callback
[Sun Nov 20 22:52:23 2016] [debug] Rendering cached template "expense-report.html.ep"
[Sun Nov 20 22:52:23 2016] [debug] Rendering cached template "layouts/default.html.ep"
[Sun Nov 20 22:52:23 2016] [debug] 200 OK (0.01493s, 66.979/s)
[Sun Nov 20 22:52:28 2016] [debug] GET "/report/70"
[Sun Nov 20 22:52:28 2016] [debug] Routing to a callback
[Sun Nov 20 22:52:28 2016] [debug] Rendering cached template "expense-report.html.ep"
[Sun Nov 20 22:52:28 2016] [debug] Rendering cached template "layouts/default.html.ep"
[Sun Nov 20 22:52:28 2016] [debug] 200 OK (0.013005s, 76.894/s)
[Sun Nov 20 22:52:29 2016] [debug] GET "/report/70"
[Sun Nov 20 22:52:29 2016] [debug] Routing to a callback
[Sun Nov 20 22:52:29 2016] [debug] Rendering cached template "expense-report.html.ep"
[Sun Nov 20 22:52:29 2016] [debug] Rendering cached template "layouts/default.html.ep"
[Sun Nov 20 22:52:29 2016] [debug] 200 OK (0.013293s, 75.228/s)
